CRITICAL - 2024-06-13 16:07:21 --> TypeError: view(): Argument #2 ($data) must be of type array, int given, called in C:\xampp\htdocs\defox.ai\app\Controllers\News.php on line 17
[Method: GET, Route: news/1]
in SYSTEMPATH\Common.php on line 1159.
 1 APPPATH\Controllers\News.php(17): view('news', 1)
 2 SYSTEMPATH\CodeIgniter.php(933): App\Controllers\News->news_item(1)
 3 SYSTEMPATH\CodeIgniter.php(509): CodeIgniter\CodeIgniter->runController(Object(App\Controllers\News))
 4 SYSTEMPATH\CodeIgniter.php(355): CodeIgniter\CodeIgniter->handleRequest(null, Object(Config\Cache), false)
 5 SYSTEMPATH\Boot.php(312): CodeIgniter\CodeIgniter->run()
 6 SYSTEMPATH\Boot.php(67): CodeIgniter\Boot::runCodeIgniter(Object(CodeIgniter\CodeIgniter))
 7 FCPATH\index.php(56): CodeIgniter\Boot::bootWeb(Object(Config\Paths))
ERROR - 2024-06-13 17:46:47 --> Email: sendWithMail throwed ErrorException: mail(): Failed to connect to mailserver at &quot;localhost&quot; port 25, verify your &quot;SMTP&quot; and &quot;smtp_port&quot; setting in php.ini or use ini_set() in C:\xampp\htdocs\defox.ai\system\Email\Email.php:1762
Stack trace:
#0 [internal function]: CodeIgniter\Debug\Exceptions->errorHandler(2, 'mail(): Failed ...', 'C:\\xampp\\htdocs...', 1762)
#1 C:\xampp\htdocs\defox.ai\system\Email\Email.php(1762): mail('fouad.amiri@gma...', '=?UTF-8?Q?New=2...', 'From: gegre@dew...', 'Date: Thu, 13 J...', '-f your-email@e...')
#2 C:\xampp\htdocs\defox.ai\system\Email\Email.php(1694): CodeIgniter\Email\Email->sendWithMail()
#3 C:\xampp\htdocs\defox.ai\system\Email\Email.php(1589): CodeIgniter\Email\Email->spoolEmail()
#4 C:\xampp\htdocs\defox.ai\app\Controllers\Home.php(33): CodeIgniter\Email\Email->send()
#5 C:\xampp\htdocs\defox.ai\system\CodeIgniter.php(933): App\Controllers\Home->mail()
#6 C:\xampp\htdocs\defox.ai\system\CodeIgniter.php(509): CodeIgniter\CodeIgniter->runController(Object(App\Controllers\Home))
#7 C:\xampp\htdocs\defox.ai\system\CodeIgniter.php(355): CodeIgniter\CodeIgniter->handleRequest(NULL, Object(Config\Cache), false)
#8 C:\xampp\htdocs\defox.ai\system\Boot.php(312): CodeIgniter\CodeIgniter->run()
#9 C:\xampp\htdocs\defox.ai\system\Boot.php(67): CodeIgniter\Boot::runCodeIgniter(Object(CodeIgniter\CodeIgniter))
#10 C:\xampp\htdocs\defox.ai\public\index.php(56): CodeIgniter\Boot::bootWeb(Object(Config\Paths))
#11 {main}
ERROR - 2024-06-13 17:46:47 --> Email: Unable to send email using PHP mail(). Your server might not be configured to send mail using this method.
ERROR - 2024-06-13 17:46:47 --> 
